/*C3*/SET SCHEMA PUBLIC
INSERT INTO HISTORYITEM VALUES(20,'2014/11/12','14:33:36',137.00)
COMMIT
INSERT INTO SOLDITEM VALUES(34,20,6,'Pizza',1,11.00)
DELETE FROM STOCKITEM WHERE ID=6
INSERT INTO STOCKITEM VALUES(6,'Pizza',11.00,11,'Testing')
COMMIT
INSERT INTO SOLDITEM VALUES(35,20,6,'Pizza',1,11.00)
DELETE FROM STOCKITEM WHERE ID=6
INSERT INTO STOCKITEM VALUES(6,'Pizza',11.00,10,'Testing')
COMMIT
INSERT INTO SOLDITEM VALUES(36,20,3,'Frankfurters',1,15.00)
DELETE FROM STOCKITEM WHERE ID=3
INSERT INTO STOCKITEM VALUES(3,'Frankfurters',15.00,4,'Testing')
COMMIT
INSERT INTO SOLDITEM VALUES(37,20,3,'Frankfurters',1,15.00)
DELETE FROM STOCKITEM WHERE ID=3
INSERT INTO STOCKITEM VALUES(3,'Frankfurters',15.00,3,'Testing')
COMMIT
INSERT INTO SOLDITEM VALUES(38,20,3,'Frankfurters',1,15.00)
DELETE FROM STOCKITEM WHERE ID=3
INSERT INTO STOCKITEM VALUES(3,'Frankfurters',15.00,2,'Testing')
COMMIT
INSERT INTO SOLDITEM VALUES(39,20,3,'Frankfurters',1,15.00)
DELETE FROM STOCKITEM WHERE ID=3
INSERT INTO STOCKITEM VALUES(3,'Frankfurters',15.00,1,'Testing')
COMMIT
INSERT INTO SOLDITEM VALUES(40,20,3,'Frankfurters',1,15.00)
DELETE FROM STOCKITEM WHERE ID=3
INSERT INTO STOCKITEM VALUES(3,'Frankfurters',15.00,0,'Testing')
COMMIT
INSERT INTO SOLDITEM VALUES(41,20,1,'Chupa-Chups',1,8.00)
DELETE FROM STOCKITEM WHERE ID=1
INSERT INTO STOCKITEM VALUES(1,'Chupa-Chups',8.00,4,'Testing')
COMMIT
INSERT INTO SOLDITEM VALUES(42,20,1,'Chupa-Chups',1,8.00)
DELETE FROM STOCKITEM WHERE ID=1
INSERT INTO STOCKITEM VALUES(1,'Chupa-Chups',8.00,3,'Testing')
COMMIT
INSERT INTO SOLDITEM VALUES(43,20,1,'Chupa-Chups',1,8.00)
DELETE FROM STOCKITEM WHERE ID=1
INSERT INTO STOCKITEM VALUES(1,'Chupa-Chups',8.00,2,'Testing')
COMMIT
INSERT INTO SOLDITEM VALUES(44,20,1,'Chupa-Chups',1,8.00)
DELETE FROM STOCKITEM WHERE ID=1
INSERT INTO STOCKITEM VALUES(1,'Chupa-Chups',8.00,1,'Testing')
COMMIT
INSERT INTO SOLDITEM VALUES(45,20,1,'Chupa-Chups',1,8.00)
DELETE FROM STOCKITEM WHERE ID=1
INSERT INTO STOCKITEM VALUES(1,'Chupa-Chups',8.00,0,'Testing')
COMMIT
DISCONNECT
